2018-05-18 15:12:16,157 Stroke(RAOUFG : ['R-', 'A-', 'O-', '-U', '-F', '-G'])
2018-05-18 15:12:16,158 Translation(('RAOUFG',) : "removing")
2018-05-18 15:12:17,220 Stroke(TUPLS : ['T-', '-U', '-P', '-L', '-S'])
2018-05-18 15:12:17,221 Translation(('TUPLS',) : "items")
2018-05-18 15:12:17,401 Stroke(TPRAUPL : ['T-', 'P-', 'R-', 'A-', '-U', '-P', '-L'])
2018-05-18 15:12:17,402 Translation(('TPRAUPL',) : "from")
2018-05-18 15:12:18,161 Stroke(ROEPLT : ['R-', 'O-', '-E', '-P', '-L', '-T'])
2018-05-18 15:12:18,162 Translation(('ROEPLT',) : "remote")
2018-05-18 15:12:18,550 Stroke(TKPW*EUB : ['T-', 'K-', 'P-', 'W-', '*', '-E', '-U', '-B'])
2018-05-18 15:12:18,551 Translation(('TKPW*EUB',) : "GitHub")
2018-05-18 15:12:18,724 Stroke(R-R : ['R-', '-R'])
2018-05-18 15:12:18,725 Translation(('R-R',) : "{^}{^\n^}")
2018-05-18 15:12:40,269 Stroke(TKPW*EUT : ['T-', 'K-', 'P-', 'W-', '*', '-E', '-U', '-T'])
2018-05-18 15:12:40,270 Translation(('TKPW*EUT',) : "git")
2018-05-18 15:12:40,484 Stroke(R* : ['R-', '*'])
2018-05-18 15:12:40,485 Translation(('R*',) : "{&r}")
2018-05-18 15:12:41,610 Stroke(PH* : ['P-', 'H-', '*'])
2018-05-18 15:12:41,611 Translation(('PH*',) : "{&m}")
2018-05-18 15:12:42,379 Stroke(TKA*ERB : ['T-', 'K-', 'A-', '*', '-E', '-R', '-B'])
2018-05-18 15:12:42,379 Translation(('TKA*ERB',) : "-{^}")
2018-05-18 15:12:42,666 Stroke(R* : ['R-', '*'])
2018-05-18 15:12:42,667 Translation(('R*',) : "{&r}")
2018-05-18 15:12:44,240 Stroke(HROG : ['H-', 'R-', 'O-', '-G'])
2018-05-18 15:12:44,243 Translation(('HROG',) : "log")
2018-05-18 15:12:45,024 Stroke(TA*B : ['T-', 'A-', '*', '-B'])
2018-05-18 15:12:45,025 Translation(('TA*B',) : "{#tab}")
2018-05-18 15:12:46,335 Stroke(R-R : ['R-', '-R'])
2018-05-18 15:12:46,336 Translation(('R-R',) : "{^}{^\n^}")
2018-05-18 15:12:56,238 Stroke(TKPW*EUT : ['T-', 'K-', 'P-', 'W-', '*', '-E', '-U', '-T'])
2018-05-18 15:12:56,240 Translation(('TKPW*EUT',) : "git")
2018-05-18 15:12:56,396 Stroke(R* : ['R-', '*'])
2018-05-18 15:12:56,397 Translation(('R*',) : "{&r}")
2018-05-18 15:12:56,569 Stroke(PH* : ['P-', 'H-', '*'])
2018-05-18 15:12:56,570 Translation(('PH*',) : "{&m}")
2018-05-18 15:12:57,506 Stroke(TKA*ERB : ['T-', 'K-', 'A-', '*', '-E', '-R', '-B'])
2018-05-18 15:12:57,507 Translation(('TKA*ERB',) : "-{^}")
2018-05-18 15:12:57,652 Stroke(R* : ['R-', '*'])
2018-05-18 15:12:57,653 Translation(('R*',) : "{&r}")
2018-05-18 15:12:59,042 Stroke(*E : ['*', '-E'])
2018-05-18 15:12:59,043 Translation(('*E',) : "{&e}")
2018-05-18 15:12:59,311 Stroke(PH* : ['P-', 'H-', '*'])
2018-05-18 15:12:59,312 Translation(('PH*',) : "{&m}")
2018-05-18 15:12:59,454 Stroke(O* : ['O-', '*'])
2018-05-18 15:12:59,455 Translation(('O*',) : "{&o}")
2018-05-18 15:12:59,812 *Stroke(* : ['*'])
2018-05-18 15:12:59,813 *Translation(('O*',) : "{&o}")
2018-05-18 15:12:59,958 *Stroke(* : ['*'])
2018-05-18 15:12:59,958 *Translation(('PH*',) : "{&m}")
2018-05-18 15:13:00,093 *Stroke(* : ['*'])
2018-05-18 15:13:00,093 *Translation(('*E',) : "{&e}")
2018-05-18 15:13:00,361 Stroke(SPA*EUS : ['S-', 'P-', 'A-', '*', '-E', '-U', '-S'])
2018-05-18 15:13:00,362 Translation(('SPA*EUS',) : "{^ ^}")
2018-05-18 15:13:00,675 Stroke(*E : ['*', '-E'])
2018-05-18 15:13:00,676 Translation(('*E',) : "{&e}")
2018-05-18 15:13:00,871 Stroke(PH* : ['P-', 'H-', '*'])
2018-05-18 15:13:00,872 Translation(('PH*',) : "{&m}")
2018-05-18 15:13:01,029 Stroke(O* : ['O-', '*'])
2018-05-18 15:13:01,030 Translation(('O*',) : "{&o}")
2018-05-18 15:13:01,697 Stroke(TA*B : ['T-', 'A-', '*', '-B'])
2018-05-18 15:13:01,698 Translation(('TA*B',) : "{#tab}")
2018-05-18 15:13:03,203 Stroke(R-R : ['R-', '-R'])
2018-05-18 15:13:03,204 Translation(('R-R',) : "{^}{^\n^}")
2018-05-18 15:13:04,415 Stroke(TKPW*EUT : ['T-', 'K-', 'P-', 'W-', '*', '-E', '-U', '-T'])
2018-05-18 15:13:04,416 Translation(('TKPW*EUT',) : "git")
2018-05-18 15:13:05,626 Stroke(AD : ['A-', '-D'])
2018-05-18 15:13:05,627 Translation(('AD',) : "{^ando}")
2018-05-18 15:13:05,815 Stroke(A*UL : ['A-', '*', '-U', '-L'])
2018-05-18 15:13:05,816 Translation(('A*UL',) : "ally")
2018-05-18 15:13:06,498 *Stroke(* : ['*'])
2018-05-18 15:13:06,499 *Translation(('A*UL',) : "ally")
2018-05-18 15:13:06,656 *Stroke(* : ['*'])
2018-05-18 15:13:06,657 *Translation(('AD',) : "{^ando}")
2018-05-18 15:13:08,031 Stroke(AD : ['A-', '-D'])
2018-05-18 15:13:08,032 Translation(('AD',) : "{^ando}")
2018-05-18 15:13:08,216 Stroke(A*UL : ['A-', '*', '-U', '-L'])
2018-05-18 15:13:08,218 Translation(('A*UL',) : "ally")
2018-05-18 15:13:08,906 *Stroke(* : ['*'])
2018-05-18 15:13:08,907 *Translation(('A*UL',) : "ally")
2018-05-18 15:13:09,054 *Stroke(* : ['*'])
2018-05-18 15:13:09,055 *Translation(('AD',) : "{^ando}")
2018-05-18 15:13:10,767 Stroke(AD : ['A-', '-D'])
2018-05-18 15:13:10,768 Translation(('AD',) : "{^ando}")
2018-05-18 15:13:11,645 *Stroke(* : ['*'])
2018-05-18 15:13:11,645 *Translation(('AD',) : "{^ando}")
2018-05-18 15:13:12,694 Stroke(SP*EURBD : ['S-', 'P-', '*', '-E', '-U', '-R', '-B', '-D'])
2018-05-18 15:13:12,695 Translation(('SP*EURBD',) : "{PLOVER:TOGGLE_DICT:!~/Documents/Plover/stanespanol.json}")
2018-05-18 15:13:12,883 Stroke(AD : ['A-', '-D'])
2018-05-18 15:13:12,884 Translation(('AD',) : "add")
2018-05-18 15:13:13,071 Stroke(A*UL : ['A-', '*', '-U', '-L'])
2018-05-18 15:13:13,072 Translation(('A*UL',) : "ally")
2018-05-18 15:13:14,364 *Stroke(* : ['*'])
2018-05-18 15:13:14,365 *Translation(('A*UL',) : "ally")
2018-05-18 15:13:14,503 *Stroke(* : ['*'])
2018-05-18 15:13:14,504 *Translation(('AD',) : "add")
2018-05-18 15:13:14,654 *Stroke(* : ['*'])
2018-05-18 15:13:14,654 *Translation(('TKPW*EUT',) : "git")
2018-05-18 15:13:14,655 *Translation(('SP*EURBD',) : "{PLOVER:TOGGLE_DICT:!~/Documents/Plover/stanespanol.json}")
2018-05-18 15:13:15,363 Stroke(TKPW*EUT : ['T-', 'K-', 'P-', 'W-', '*', '-E', '-U', '-T'])
2018-05-18 15:13:15,363 Translation(('TKPW*EUT',) : "git")
2018-05-18 15:13:15,546 Stroke(AD : ['A-', '-D'])
2018-05-18 15:13:15,548 Translation(('AD',) : "add")
2018-05-18 15:13:15,711 Stroke(A*UL : ['A-', '*', '-U', '-L'])
2018-05-18 15:13:15,713 Translation(('A*UL',) : "ally")
2018-05-18 15:13:16,672 *Stroke(* : ['*'])
2018-05-18 15:13:16,673 *Translation(('A*UL',) : "ally")
2018-05-18 15:13:16,837 *Stroke(* : ['*'])
2018-05-18 15:13:16,838 *Translation(('AD',) : "add")
2018-05-18 15:13:16,987 *Stroke(* : ['*'])
2018-05-18 15:13:16,987 *Translation(('TKPW*EUT',) : "git")
2018-05-18 15:13:20,710 Stroke(TKPW*EUT : ['T-', 'K-', 'P-', 'W-', '*', '-E', '-U', '-T'])
2018-05-18 15:13:20,711 Translation(('TKPW*EUT',) : "git")
2018-05-18 15:13:20,945 Stroke(AD : ['A-', '-D'])
2018-05-18 15:13:20,946 Translation(('AD',) : "add")
2018-05-18 15:13:21,278 Stroke(A*UL : ['A-', '*', '-U', '-L'])
2018-05-18 15:13:21,279 Translation(('A*UL',) : "ally")
2018-05-18 15:13:22,365 *Stroke(* : ['*'])
2018-05-18 15:13:22,366 *Translation(('A*UL',) : "ally")
2018-05-18 15:13:22,515 *Stroke(* : ['*'])
2018-05-18 15:13:22,516 *Translation(('AD',) : "add")
2018-05-18 15:13:22,666 *Stroke(* : ['*'])
2018-05-18 15:13:22,667 *Translation(('TKPW*EUT',) : "git")
2018-05-18 15:13:23,647 Stroke(TKPWEUT : ['T-', 'K-', 'P-', 'W-', '-E', '-U', '-T'])
2018-05-18 15:13:23,648 Translation(('TKPWEUT',) : "get")
2018-05-18 15:13:23,917 Stroke(AD : ['A-', '-D'])
2018-05-18 15:13:23,918 Translation(('AD',) : "add")
2018-05-18 15:13:24,587 *Stroke(* : ['*'])
2018-05-18 15:13:24,587 *Translation(('AD',) : "add")
2018-05-18 15:13:24,739 *Stroke(* : ['*'])
2018-05-18 15:13:24,740 *Translation(('TKPWEUT',) : "get")
2018-05-18 15:13:25,682 Stroke(TKPW*EUT : ['T-', 'K-', 'P-', 'W-', '*', '-E', '-U', '-T'])
2018-05-18 15:13:25,683 Translation(('TKPW*EUT',) : "git")
2018-05-18 15:13:26,541 Stroke(AD : ['A-', '-D'])
2018-05-18 15:13:26,542 Translation(('AD',) : "add")
2018-05-18 15:13:26,823 Stroke(A*UL : ['A-', '*', '-U', '-L'])
2018-05-18 15:13:26,824 Translation(('A*UL',) : "ally")
2018-05-18 15:13:29,798 Stroke(H-L : ['H-', '-L'])
2018-05-18 15:13:29,799 Translation(('H-L',) : "hello")
2018-05-18 15:13:30,241 *Stroke(* : ['*'])
2018-05-18 15:13:30,241 *Translation(('H-L',) : "hello")
2018-05-18 15:13:30,395 *Stroke(* : ['*'])
2018-05-18 15:13:30,396 *Translation(('A*UL',) : "ally")
2018-05-18 15:13:31,726 Stroke(SPA*EUS : ['S-', 'P-', 'A-', '*', '-E', '-U', '-S'])
2018-05-18 15:13:31,726 Translation(('SPA*EUS',) : "{^ ^}")
2018-05-18 15:13:31,912 Stroke(P-PL : ['P-', '-P', '-L'])
2018-05-18 15:13:31,913 Translation(('P-PL',) : "{.}")
2018-05-18 15:13:33,101 Stroke(R-R : ['R-', '-R'])
2018-05-18 15:13:33,102 Translation(('R-R',) : "{^}{^\n^}")
